22355
34031
5000
24204
10266
84131
5001
9766
5000
90365
25544
5001
5002
5000
83876
5000
5002
5001
55139
5000
26501
33293
5001
5000
51295
53690
5000
6203
5000
5002
5000
5000
5001
15109
5001
5000
77278
5000
47792
19377
5082
94532
54196
5001
5000
24849
38146
98360
5000
5000
5000
12737
85090
5000
57243
5000
46613
16337
66397
97181
51103
5000
5000
5000
24045
28146
86039
104198
5000
68429
5000
10092
74521
86605
51093
5002
5000
39971
59658
42286
76201
5000
46357
42838
5000
15127
91947
68275
66074
47283
78907
32753
5000
61955
92383
76536
54916
19948
24387
84581
97280
95887
52111
79106
5000
56488
5000
22432
5000
43065
97875
13055
39025
5000
50984
94738
38007
77546
79883
5000
36553
10194
30102
90254
75210
5000
33714
6374
48150
5000
58648
5002
5000
84792
5000
5000
46077
5000
5000
5000
88479
72038
40563
9119
94967
76772
20485
5000
80179
5000
28703
5000
39422
94175
5001
5000
71483
5000
5000
69621
9067
5000
58547
5000
69445
16094
5000
5001
5000
5000
9953
5000
5001
5000
5000
65439
77534
68689
67507
5000
5001
8381
101101
14941
18599
31500
5000
67013
87844
16339
5000
91137
56115
5000
49490
33056
95213
24479
65503
5000
84027
74162
23436
5001
98784
74445
5000
16053
5000
28089
48729
5000
19841
5000
5000
5000
55193
5000
70792
5000
5002
5001
5000
62064
5000
5000
5000
11253
47274
80985
104056
5000
5000
28696
60890
32141
101387
7409
5000
82891
8699
5001
48199
5000
23397
81054
5002
5000
5000
5000
62845
96714
102806
5000
99668
5002
23691
5000
30149
73595
5000
56989
40523
5002
6737
5000
5001
5002
5000
75903
5000
49397
34286
54900
10930
40315
72833
6390
5002
49812
5000
89100
5001
20555
5000
10462
5000
89824
5000
61687
5000
62243
5000
5000
5000
58833
5002
5000
5002
5000
67880
5000
5000
96686
13586
54560
56316
5002
70064
43722
5000
51199
5000
12205
83971
5000
5000
64067
30028
56473
5000
31361
5000
66853
5000
56559
5000
79506
78462
49801
5000
33407
5643
5000
96032
42643
56611
40428
5000
27008
5000
5000
5000
101842
52486
93725
55169
5000
5000
5000
43971
65808
72914
80989
22838
74127
102792
5000
5002
28115
5002
103055
97539
5000
91335
5000
23603
14661
5001
5002
33701
93069
5000
71773
73124
5002
5000
5001
5001
77220
5000
38970
29902
59273
5000
5000
33948
66625
20170
33066
5001
38992
8111
77411
6381
5000
8036
5001
41856
37425
14562
5000
5000
98395
5000
5001
5000
79628
53168
38725
5002
5001
71129
67491
88513
89995
5000
102250
44480
5001
6394
5000
5000
5871
5001
5001
5000
37534
5001
100439
5000
5001
81806
5000
12035
5000
5001
81705
21375
40311
44234
5002
5000
39328
34035
5000
45907
5002
5002
5000
5000
79330
49296
26704
99677
5000
5000
21871
23181
7873
17817
5000
82421
90462
5000
6503
99515
5000
65841
5002
11587
95762
5000
24614
63650
5001
32388
66377
5000
61298
76473
5000
5000
34960
51461
17137
24112
5000
5000
103471
71976
85833
5002
5002
36276
27760
77482
5000
15829
50177
54546
64007
86496
5000
5001
92488
73130
22360
5000
30846
5001
46118
5000
60487
5000
97981
98696
5001
84340
5001
5000
5000
5000
99076
39738
5001
69341
5001
47411
5000
5000
5002
5000
5002
92213
5001
15171
21099
45264
5001
5000
14409
5000
5000
5000
15978
5000
15393
49337
41443
53839
79693
59734
5000
5000
29308
10639
5000
71962
54276
41938
6611
5000
5000
19200
5000
97388
48742
5002
5001
5000
5001
29012
44822
5000
5002
15315
5001
10738
5000
10707
5001
5588
5001
104540
45856
72303
42638
14823
83700
5000
5000
59929
9786
5000
5000
5000
104855
5000
5000
11731
60511
5001
5002
29778
5000
96522
49789
10171
78251
5000
5000
5000
5000
5000
5000
62658
77303
88612
5000
5000
5001
5000
5000
5000
5000
74344
15353
88375
5000
74972
5000
5000
5000
5000
5000
5001
5000
5407
5000
34421
102785
68853
89054
50267
61175
20705
34032
104386
12558
5000
5000
56141
5000
16256
5001
5000
5000
21440
46748
19752
5316
35145
5000
5000
55631
5001
95181
5000
75275
5001
16823
47487
28165
58012
66045
5000
93953
5000
8433
100326
61388
5000
44388
30270
63970
104121
5002
5000
5000
5000
27704
72236
5000
5000
104108
5001
5002
5001
40798
5001
5000
78835
97993
88077
77232
5000
49508
5002
5000
5000
5000
14635
36540
71534
51329
39374
93705
73013
14142
90561
75563
5000
94062
5000
21218
44265
75950
64240
5000
5000
5001
5000
81060
5002
5000
24045
5000
5000
42232
5000
87319
5000
62104
32166
52128
5000
5000
35162
5000
5000
5000
5000
91499
92250
5001
79784
36160
14771
44218
5000
85495
5002
47663
38210
5000
5000
5000
5000
5000
82333
5001
5000
5000
58456
59380
21067
99645
5000
5000
58796
5000
28155
14568
98981
5002
98308
5000
64471
5001
31358
52727
78468
17890
96509
20678
65022
11314
48483
36015
81809
5002
5000
5001
50810
25146
5000
5000
43673
5000
5000
66420
23592
79117
7705
83522
79993
55008
5000
5000
7451
5001
5000
30331
57016
5000
23250
21910
5000
5766
5000
33146
54286
17079
5000
5000
91829
101973
78755
77374
5000
17554
37407
96340
29826
5001
5000
72895
53927
5000
5002
64203
18287
80706
5002
5001
5001
35099
56041
5002
5000
7396
31101
43378
5000
51788
5000
5000
10405
5002
29475
5000
5000
18165
35452
5000
5000
5000
55971
5000
63535
80452
13834
14821
13795
18629
5000
5000
5001
37318
89990
5000
8844
19722
32718
5000
5000
5002
51439
5000
72259
81859
5002
9637
57880
5000
21154
84017
5000
5000
38879
5001
24015
5000
29284
5000
48360
30728
5000
22938
47027
5001
5000
5000
5000
39455
41642
53946
82201
5000
47557
5000
68508
72765
29123
62261
22903
5000
5001
59999
78927
5000
5000
21005
5001
5000
5000
83947
5000
67340
41315
15194
81335
5001
5000
6966
5000
5000
5000
85484
5000
81131
5000
5000
81829
5002
5000
5000
5000
5000
5000
74602
5000
42491
7228
52322
12915
66515
5000
13199
93176
14208
5000
50157
5000
64958
27782
78660
89248
12301
55639
5000
56073
5000
94692
50440
50416
5000
5002
95848
43372
5000
58173
40328
5000
5000
10714
5000
43812
5002
5000
90937
5000
5000
5000
5000
86007
86565
5000
57276
5001
61351
30952
99201
5002
17184
5000
5002
5000
5000
5000
5000
56524
5000
5000
40225
19577
5000
22659
104284
77971
40853
5000
5000
5000
74092
102017
6678
64494
89111
5001
31738
5001
5001
17079
5000
54556
7837
48004
7662
60182
94631
64220
85252
18152
5000
14605
13508
29246
79115
90082
5000
76604
64734
46518
5000
5001
69530
5000
95155
5000
76484
5002
5000
5000
48889
76636
7502
78686
32079
5000
5000
9780
22608
97979
104044
82766
22608
5000
96075
5000
62542
55444
5000
49989
5001
26664
94123
5000
76079
11513
15077
70539
23478
66694
91782
85195
104667
5000
27446
45118
5000
45134
5000
63320
5000
46839
5000
5000
94319
34067
5000
94619
37538
5000
50429
5001
5000
5000
5000
5000
5000
8719
39302
5002
5002
5000
5361
5000
26673
20152
5000
5000
89573
70672
15622
21559
79371
37304
38063
5000
5000
5002
5000
5000
5002
5002
21337
5000
5000
39574
5000
48542
10300
5002
81468
5000
5000
69151
78223
9032
60673
5000
21431
5002
5000
87167
67203
5002
5000
9537
5000
5000
5000
5000
85465
5000
5000
36327
83934
5000
40068
92722
48179
96906
6230
5001
45288
7411
5000
30872
5002
5000
27526
87036
31108
5000
91914
80019
59954
68071
5000
5000
5002
5002
57511
5000
62372
67592
5847
56007
5000
61070
5000
100353
5000
83549
32374
48785
5000
5000
49289
5002
5000
5000
5000
5000
5000
5002
47648
7815
31749
5000
65764
5000
5000
5000
40001
37087
99411
81253
42700
87963
20944
35651
5000
5000
5000
92776
66780
5000
12666
51236
72668
80584
74567
5000
5000
48501
39960
5000
5000
31580
5001
49530
13074
62470
5001
72177
5000
79815
5000
5000
8165
5000
5000
81422
68110
64432
56838
41056
5001
5000
31040
21267
5002
5000
5000
5595
93649
45658
42889
5000
5754
5000
42535
35920
93296
6788
9510
18427
5000
5001
5000
5000
5000
13946
45142
89820
23302
105000
21718
5000
25252
102628
5000
67773
5000
7156
5000
7128
5001
85553
100439
7340
86358
5000
98006
5002
48802
5000
47392
84427
5001
5001
63751
5002
57130
5000
5000
12428
89650
39000
5000
5000
95028
54659
5000
41028
48767
64594
76379
5002
5000
61046
5001
43234
5000
5000
5000
86271
5000
72938
32361
61674
44567
33526
31710
5001
5002
5000
5000
5000
96530
5000
52167
5000
5001
61552
51813
88807
5000
5000
5000
5001
100311
5001
9975
99935
5001
5002
18145
50376
5002
5000
24255
5000
88135
24491
71886
40922
46356
5000
5002
71425
5002
91438
57805
28745
23098
103983
48378
5000
5000
24737
21347
24158
80136
5001
39952
5000
75926
90031
90611
5000
96225
5000
43132
59596
5000
5000
5000
5000
5000
5002
99190
59502
5000
63781
5000
11974
70076
5000
48540
12795
5000
5001
5001
103494
80201
98292
69129
5000
54272
74281
5000
91936
73232
35382
104663
12287
5000
20546
38952
5001
79222
5000
31694
5000
5000
102322
5000
5000
5000
16595
5000
5000
63857
5000
5001
5000
5798
17353
5000
5000
5000
45751
5000
71182
19664
5000
5747
61623
104999
5000
21906
64223
5000
5000
5000
70465
41856
5000
85783
28486
5000
21388
79525
38171
16986
69497
5000
53267
60458
5002
5000
5000
54380
5000
71975
5001
5000
27145
11224
82546
5000
5000
30516
5000
51436
98578
5000
84064
5000
5002
5001
5000
101730
38466
39696
5000
5002
73249
5001
46235
25804
5000
5000
54230
81250
15294
36639
39011
93155
48300
5002
92316
38630
20812
95854
85837
47810
5000
82352
60452
5000
63572
5000
5000
5000
5000
5000
56434
50650
85962
5002
5002
34668
82642
5002
61114
5000
39525
82570
19191
5002
13269
5002
5002
5002
37287
50727
39927
102403
54698
90720
5000
5001
5000
43738
5001
59601
5000
55296
5000
21053
65376
5002
5002
5000
5000
53007
5002
5001
16722
75771
15081
5585
13852
66001
5000
5000
100777
25038
54311
30436
5000
89241
97201
61878
39143
59758
5000
5000
64274
5000
90517
102671
8385
51173
19916
91261
26202
35071
19490
88399
66412
5001
5000
5000
5002
55683
5000
66466
43030
5000
102810
5000
73694
43485
104323
102162
5000
74482
10875
71136
5002
73037
5001
67711
5000
5000
78309
48559
85402
89275
5001
5000
33847
5000
5001
5000
13616
5000
12825
71864
45168
5002
5000
14954
5000
5000
55033
5000
29512
85570
5000
5000
5001
48012
5000
73854
5000
5000
5000
54844
5000
5001
5000
70438
14211
6832
85253
5001
44054
5000
5002
62386
5001
21512
5713
5000
5000
53016
10998
96787
5000
5000
78675
5000
25722
62017
5000
5910
41204
5002
5002
43108
5000
13910
90846
5000
18376
100416
78550
5000
59150
5000
101693
102952
22673
5000
5001
32193
87927
5001
5000
81610
30736
68260
5000
60475
5001
5000
5001
95271
5000
5001
5000
39738
5000
5000
5002
5002
100659
5001
29929
5000
5000
54199
5000
5000
104125
5001
78968
5000
95064
43091
56310
5000
57631
5002
78577
99224
36751
5000
5000
5000
73278
87117
40875
36848
5000
5000
5000
5000
103925
35314
38635
5002
82550
28725
5000
49387
5000
17648
5000
5000
5002
51063
78209
73232
66269
78074
18758
5000
53586
5000
5002
58963
62712
5000
41411
72022
5000
5002
5001
21713
71339
5000
90332
28134
5000
15181
5000
37470
70415
64573
7507
5000
5000
13748
5480
5001
5000
5000
48326
103091
5000
52275
87535
5000
57948
5000
9121
85225
43218
5000
37928
5000
5000
67274
5000
41678
5000
20854
72888
5002
87476
5001
34834
5000
5000
83307
10663
5000
87274
5000
7866
5473
5000
36332
10848
22976
57752
47526
98859
45420
5000
87485
80802
82819
5000
5000
102324
5000
38034
5000
5000
5000
57827
79535
78432
32333
5000
44213
24989
87348
5001
5000
95109
66754
49800
82762
5002
5000
5002
5000
67793
78748
7367
76239
9188
53722
48424
10235
5001
5002
5000
27678
36115
15530
5000
5000
5001
5000
102819
5000
81861
5000
60000
65376
5000
31236
5000
88388
5001
48272
29169
24249
36932
5000
13653
5000
77552
5000
80458
60528
5000
54417
5001
5000
76973
5000
5000
5000
60296
46546
5000
5000
5000
33164
8372
5000
5000
98388
104623
101568
5000
5000
31821
5000
48654
5000
5001
5000
5002
5001
60446
41483
5001
5000
33707
5000
5000
34999
59632
5000
40828
97434
5000
14510
78534
5000
5001
32677
22584
5002
31952
54894
70563
101287
76481
70504
5000
92590
74893
5002
5000
5000
5000
94709
5000
69891
5000
49054
5000
5002
90688
88879
60198
5000
52770
5000
69874
18573
5000
84380
25334
95103
45248
44912
5000
31767
5000
84986
26190
62111
93785
25639
15535
71824
68996
7819
97296
8476
5000
84027
61640
5000
5000
5000
43094
88258
5000
65850
104998
5000
5002
82566
5002
12169
5000
5000
96995
78178
5001
5002
94176
89630
5000
87466
13018
5000
5001
38502
5000
5001
5000
5000
30907
54949
5000
63966
5001
5000
51690
5001
5000
32052
5000
5000
5000
83099
63430
74501
5000
5000
9668
5000
5000
80940
5000
24469
5000
59412
5002
5000
97995
76705
5000
5000
5000
88828
5000
5000
99800
5000
55632
5000
18884
19993
14752
5001
5001
67976
18300
5001
19491
47952
5000
98574
5000
98149
79193
5000
5000
76629
89213
59103
90314
12707
47396
5001
23231
60460
5001
5000
79403
65870
11626
41015
77832
19353
60115
27384
37340
5000
5000
5000
5001
5000
91172
33430
5000
49438
53416
5000
5000
5002
97876
5000
41299
7241
5002
74963
5000
5000
5000
5000
5000
84555
5002
20606
88585
5000
80853
5000
85734
25438
5000
5001
93447
69199
5000
30328
5000
20216
88872
55983
5002
5002
87692
5000
5002
72510
65885
5000
5000
5000
86521
5000
5000
5000
87207
34159
79138
58998
24786
68949
54283
37358
5000
97916
5000
5000
5000
83181
43776
5000
5001
5000
5000
94109
5000
5001
5001
5000
72649
5000
5000
5002
17360
5000
60456
17006
5002
5002
35223
92459
5002
5000
5000
79462
103003
5000
33819
5000
5000
5001
5000
5000
6566
68422
5000
48799
5002
42314
5000
5001
5001
5000
5000
5000
91072
28680
49373
5002
27441
25789
99834
66446
5002
5000
5000
9197
15034
63042
29343
5000
5000
81482
5000
5001
5000
57479
94932
5000
6310
104673
56700
5000
60357
49317
50818
5002
85092
5000
58908
48220
78460
103490
53856
91208
77737
5000
5001
5000
55267
83071
52128
5002
5001
5002
90413
5000
59268
5000
20913
18809
98020
50702
72460
34950
8596
52180
5000
5002
5000
60629
91644
5002
5001
5002
54879
99007
23321
5002
5000
27237
5001
5000
66723
5000
5000
57829
60028
5002
89549
5000
22184
49942
5000
31817
5000
11744
90552
7704
5002
61508
5000
5000
90217
5000
5000
97776
5000
5000
78522
5000
100298
56216
56290
23208
5000
5000
5002
81850
77615
51271
5000
14277
5002
40165
75812
18846
18700
5002
5000
14821
31633
34866
54386
5000
22547
27776
5000
5002
5000
5862
5001
5000
5000
5001
65595
11005
5002
24010
80415
31326
94919
25043
5002
5000
8977
5000
5001
5002
26456
5000
63090
91379
5000
68986
5002
104473
49897
15114
61945
36324
76911
104428
5000
47066
5002
50303
102735
5001
25465
48024
5000
5001
5000
6319
5000
91969
5001
44332
9310
102730
5000
34285
5000
22469
5000
5000
58775
28914
100401
68678
5002
23058
16394
5000
17371
37974
40024
16948
5000
100555
76557
37901
26903
33031
57243
43658
29439
5002
104830
5000
49432
5000
87527
5000
5002
69910
5000
5000
5001
103799
86098
5000
5000
76254
5000
51453
5000
5100
5002
86942
5000
92534
59897
67302
5000
29443
5002
5002
5000
5000
5002
78393
75659
5000
26752
95128
88202
15406
5000
33881
5000
30211
5000
5000
5002
100060
5000
5000
51966
13414
48561
5000
40807
5178
98313
5002
99094
5000
9570
5001
34971
33035
5001
74803
5000
5000
58930
98648
20068
98162
5001
6190
56784
50317
102129
5000
42194
37014
38350
5000
5000
93965
5000
5000
5000
77720
5000
76263
93025
95223
51493
53516
5000
5002
32059
24485
40793
43532
56191
10761
9968
5000
61292
88439
5000
5001
88816
77188
21269
39953
5001
5000
5002
75380
5000
30502
93307
104910
9633
5000
56408
84400
5002
5000
85427
5000
5000
36728
5000
5000
75701
5000
5000
5002
5000
5000
5000
78917
6624
74552
97856
41078
5002
5000
87022
33731
32239
59962
5000
67782
71689
5000
22171
5000
50929
104057
79493
98440
99192
48896
5001
5002
14855
92776
5000
5001
71577
5000
13045
58246
51976
34295
43238
48851
49154
75203
5000
5000
5000
24735
102783
48156
5000
5000
5001
5001
5000
5000
48571
42339
77464
5000
5002
5000
96308
5002
5002
38378
25688
47779
5001
5000
34929
5002
5002
5000
5000
63878
11185
63267
87921
47761
99074
5001
47442
99558
50908
69330
90878
5000
5000
23562
42542
34739
5000
5001
5000
5000
5000
88650
5000
5002
96908
5001
5001
5000
71074
5000
60642
5000
5002
99311
68383
5000
55001
5001
97987
5000
46214
5000
51155
49752
5001
52461
13716
29464
5000
5000
86390
20663
5000
5002
22365
43677
5001
5002
5000
53367
61962
52242
27184
46791
91988
5000
58400
97008
5000
102396
5000
5001
5000
14156
24216
5002
20026
30256
5001
5000
36391
5000
5000
5124
16805
47746
5000
5000
5001
68795
5000
23598
5000
5002
18660
52482
5000
5001
38121
45529
36381
18375
69911
5000
5001
5000
5002
37007
88023
5000
27199
5000
5002
50911
5000
5000
5001
48381
5000
38386
86282
66707
44732
46909
5001
90387
5000
5000
39745
55144
5001
5001
15211
70386
5000
14526
28592
27294
5000
5000
44454
52177
82789
83951
48418
5000
5000
80580
5000
8038
74110
101419
18011
66596
5000
5000
17911
93738
50335
5002
79465
73388
33418
83303
10753
100094
12959
5000
5001
52531
79287
29506
30271
96812
53615
5000
101284
52798
9710
5000
5002
5002
5000
99712
5002
37863
26777
5002
31523
5000
5000
60643
5001
47574
5000
48492
99336
47619
5000
49507
32188
99568
27971
87865
5000
94408
5001
17395
10620
5001
36316
5000
42316
5001
75858
5000
5002
5000
81238
5000
49832
53856
73705
23820
73506
22334
5000
5002
68420
5000
5000
5000
5000
5002
85919
58257
7721
92730
43419
5000
16742
92452
34652
5000
5002
62536
56640
5000
32605
67752
37978
67625
5000
101623
5002
55526
5000
16686
66858
43604
77137
5000
75866
58339
75607
31738
84004
5000
5001
5000
5002
25733
13960
34170
35662
96090
28818
5001
5000
5001
5000
94711
72453
40587
68614
9561
47511
5000
5001
54708
5000
5000
5000
85334
90150
68299
5002
48009
14125
5000
45055
27757
5000
17728
98622
5000
90020
64244
74489
5001
5000
99373
36179
31380
31982
22415
65599
5000
45716
56632
5000
5000
19133
42961
5000
5000
5000
20397
5000
5000
85319
5002
5000
99795
5000
45739
20521
5001
5000
102714
5000
40962
66964
35327
5000
70197
5002
74114
17997
17145
81050
5000
5000
99494
102076
5000
8218
43777
37038
5000
57932
5002
59626
17517
27573
10326
35493
76240
65306
40051
35533
5001
5002
5000
8867
24640
63715
101695
83945
102355
104551
5000
15112
45457
20554
23020
43132
12903
5000
5000
5000
100601
14563
43167
52115
27866
5002
30004
5000
5000
103883
95742
5000
80062
68562
29236
5001
5000
5000
5000
95218
18659
11227
14806
5000
5002
88333
96723
5000
37033
10011
5002
5001
82642
77689
32019
10129
15493
6455
5000
46748
5000
5000
5000
5000
20011
80325
5000
89430
5000
5000
65272
16210
63867
5002
67775
5000
59595
44539
5001
92337
65558
25409
7076
8035
5002
57058
5000
65782
5001
99293
38859
5001
5002
5000
77041
5001
5001
5000
44516
85776
49691
5000
65748
5002
55921
42582
33673
37850
5000
5000
93653
5000
78231
5000
16673
64763
83402
103915
14434
5000
5002
62329
5001
5000
17023
5000
35760
34431
85062
49523
94355
5002
102766
40920
5001
42758
5002
5000
71200
53893
65141
5000
101452
49238
77891
59803
19388
93605
5000
5002
94688
89072
43914
89874
5000
5000
53184
101577
22519
72123
43650
11277
56854
5000
55000
31254
40009
5000
70044
41626
5001
34452
65839
5000
52688
5000
6366
51647
75679
5001
5002
5001
5003
64789
5001
5001
42821
16178
5000
5000
5000
43628
5001
97518
5000
5000
5000
5000
5000
5000
29367
21536
21339
58510
49592
5000
5001
22308
5000
104870
70500
62126
79442
7791
21694
8009
5002
5000
65987
5000
44396
102250
43067
5002
5002
5002
95508
61203
30663
33657
5000
93018
68411
64428
5000
5000
92028
104503
5000
74935
90688
5000
48118
5000
5001
5000
11908
5000
5002
67276
5000
5000
10127
27505
56841
5000
68959
68369
93707
65266
5000
62561
5002
7516
5000
46817
5001
5000
5000
5000
44652
55454
93959
5001
5000
28966
83693
52807
5000
5000
33267
5002
84649
5000
5000
14507
26606
5000
5000
8846
5000
22300
86094
5000
84473
101297
63531
86139
5000
53342
5000
29763
5000
47944
28353
16084
70014
5000
5001
38659
14276
95786
58638
32462
5000
13116
5002
83881
92245
47717
72831
5002
42341
5000
90923
5000
5000
51671
68389
102197
5001
91248
38461
5002
95324
5001
5000
68486
67709
5000
54241
97330
5000
90506
79577
10755
16958
14516
5002
100954
5001
89799
5000
93788
61135
30874
5000
5000
5001
27483
87063
5000
5000
56015
31940
59190
5000
75030
5000
36319
92503
19373
101096
34355
38426
5000
79434
28501
15538
11467
10331
90347
5000
61643
5000
39316
5000
5002
44318
5000
5976
5002
5000
5000
5002
91866
18473
92295
5001
5000
5000
38998
5001
5000
86494
31389
5963
5000
43265
92126
61392
62424
74329
21914
5000
25862
5000
20900
27235
56391
5002
5000
13270
5002
5001
5000
5000
5001
5000
91351
83957
5000
80529
29220
75122
27320
8849
5000
5002
90646
77593
5000
11027
17249
96134
45054
104940
50312
32551
5002
44503
5001
5000
59930
7367
5000
5000
97146
103477
12119
5000
58879
51177
5000
5000
60314
59692
5000
65991
5001
78162
101687
15910
80533
96951
102719
97676
5000
5002
5002
5000
22653
5001
73626
26429
103273
5363
5002
92245
5000
5000
5000
5000
5000
5000
45663
76604
5002
5001
92132
67940
16600
5000
48725
32364
5000
43740
81708
44549
5000
19006
39538
67628
5000
7191
104100
10837
5002
5001
5000
23085
42358
62777
69238
5000
6098
81513
5000
5000
5000
5000
32660
24908
5000
5002
5000
29679
23400
11723
5000
5000
7096
5000
88054
18398
5000
18664
21779
11856
31926
67773
74060
5000
97791
5000
5000
5002
70841
43736
82131
27175
5002
38437
15605
51400
5000
5000
5002
5000
73768
51337
72250
102528
71615
50821
10342
23690
5000
104563
42130
93771
5002
18462
23227
5000
103707
5001
5000
54020
5000
34503
78673
102321
5001
5000
5000
75609
26797
5002
5000
5000
51896
10668
83366
79433
5002
79838
5000
75385
37798
64090
51686
57690
5000
40506
75784
75519
5000
80601
13843
26125
5000
32237
5000
32192
43305
5000
54255
100002
52132
35765
5000
44172
5000
53473
5000
5776
75747
47962
28943
5000
5000
5000
36859
33623
47027
24407
56127
66907
96895
69659
5000
92419
5000
24414
30238
58999
5000
5000
103626
85822
18987
5001
5000
34967
94437
83347
55478
22584
5001
80202
5000
82304
81053
14997
48082
5002
34383
104690
91817
34956
38095
23514
5001
5002
5000
5002
40375
5000
99408
5000
101110
72731
5001
28472
5000
5000
25247
5000
77020
5000
36851
5002
22792
103053
99235
97733
49723
39802
5000
66873
99753
5000
31156
78733
56697
99998
5000
5000
5000
5000
16319
5000
38630
5000
37330
5000
28655
8761
73007
17178
24146
56273
57701
90831
61334
5000
62224
5002
20526
5000
32339
5002
5000
57122
103069
5001
64966
84467
5000
98842
5000
35452
94557
5002
92468
95322
21019
5000
5000
10116
74762
5000
27316
5002
23550
55400
5000
5000
24416
59365
5000
5000
5000
23022
5000
83126
24192
5000
104213
84310
5000
19719
96649
5000
5000
19876
38262
83543
91678
54228
5388
5000
5000
94463
5000
45589
90076
44893
5000
5000
72610
18196
90920
67333
39022
5000
11399
34142
55388
55532
76275
49313
42246
88081
90451
83149
5000
5000
46488
5001
30945
104921
5000
5000
74901
20109
51889
5000
82532
95276
5000
104083
5001
5001
74537
5001
15807
64847
5000
48324
5000
8780
5000
65493
6776
42919
5002
40953
5000
5001
5002
99408
17090
24682
5000
91420
79603
5000
91936
5000
54705
5000
5000
5002
5002
5000
77801
5000
98309
31124
59679
93867
40531
88151
13991
5000
5000
14414
62948
5000
5000
46049
70781
5000
5000
81387
40532
5001
101279
5000
19691
5000
5000
5000
5000
5000
5002
37332
26620
8038
87793
78041
58862
5001
5000
100074
43994
77696
57905
84009
104146
84938
91989
52984
61609
39288
9837
5000
16576
22113
97524
5000
5001
46587
87743
5000
34443
27170
20197
30385
90809
19833
96362
5001
28449
40620
5000
32788
48149
7848
81309
5001
43306
89096
5000
22903
5000
5000
33131
5000
5001
65461
65557
39847
5001
5000
28182
95714
5000
59185
5001
10531
100604
22370
48812
5000
70571
29157
44978
5000
5001
35577
5002
87871
61185
24410
20189
15052
45702
32003
15298
85010
5002
103254
5000
5000
47834
62399
83456
5000
5000
5000
5000
46435
23322
61660
5000
13647
5002
84061
55789
5000
56104
49460
95834
19320
65570
5000
5000
5000
53261
37157
92014
5000
91533
14892
67852
5000
41928
90770
67657
54124
5000
5002
5002
5000
50662
5000
5001
65195
97724
5002
41043
46707
5000
103219
5001
24745
5002
5001
92789
20072
5001
23641
35952
5001
5000
5000
28370
102277
59474
22918
6824
19627
80310
19764
79057
5000
5002
9276
90066
104140
92683
48533
67738
5000
5002
5001
5000
89632
5000
19666
85308
89750
91536
5000
16611
46747
75625
15707
11362
80396
66103
5000
34848
5002
5000
5001
5002
5000
11252
5000
5000
51587
74360
5000
88957
5000
40018
41735
47109
16272
101717
45027
5000
64897
58033
5000
5000
5000
62613
76892
11304
89697
74517
5001
21225
89483
5000
91794
5001
61227
10157
15681
63943
47270
69013
5000
5000
5001
5000
59420
5000
5000
5000
97178
5000
45198
100776
5000
59086
87021
5000
5000
5000
63268
5002
80256
62254
5000
5001
48644
81389
59647
5000
93912
5000
49024
14353
23184
91501
56631
57823
5000
49161
33439
5000
16595
78180
5000
66748
45028
21170
40433
11351
41789
25270
5000
59153
11729
71271
5000
97193
5000
5000
5002
23677
20283
5001
19724
5000
5000
94251
13842
62210
27226
11396
5002
5002
5002
79671
49844
5001
20761
5000
5000
65374
5002
95657
14685
13417
73827
74540
50291
57500
19877
5000
5000
10504
5000
32242
83894
80408
5000
5002
5000
85896
5000
5000
13657
5000
5001
5000
5000
48211
5001
11402
5000
5000
5002
32588
5000
5000
79867
76508
5002
102543
5000
43000
30024
58701
104804
5000
47256
5000
41818
95691
79738
5000
65830
5000
5001
5002
32867
5001
61719
32309
5001
39446
5000
5000
5000
75816
5000
22888
79495
17576
38494
95247
5000
103863
89409
88190
67936
5000
28175
5001
63202
54849
99584
51093
34457
90849
5000
5000
5725
5000
5000
5000
5000
83773
69851
5000
91960
102986
5000
5002
5000
11791
5000
5000
82572
61761
48965
61530
5000
75105
5002
5000
5002
38500
100765
5002
61154
5000
44822
79983
49978
87863
5002
27692
95570
78044
94498
30598
5000
58830
30768
66061
102561
62760
13764
57497
102923
5001
52532
80026
5000
30916
37562
5001
98659
5002
5000
75213
5001
5002
67080
5000
69646
46095
101961
5148
5001
5000
41406
102046
5000
5000
5000
5000
67236
41742
24029
78331
61679
70378
61284
5000
5001
5000
5000
5000
102756
87267
70820
5000
31278
5001
52646
5000
61329
5000
5989
5000
47723
5000
86742
5001
92523
64518
5000
95539
75236
29071
52243
100304
5000
57609
52847
5000
96727
5001
5000
5002
5000
5000
5000
5000
5001
102920
5000
38683
62455
51718
5000
55409
80351
80900
36949
28622
5002
67003
85972
84296
5000
49601
61230
94733
5002
5000
5001
5000
5000
17617
9520
75506
19638
5000
5000
5002
5000
92404
5000
9578
5559
91188
5000
20541
58500
33669
66775
12413
29188
103938
81407
50607
5000
5000
5000
74999
95306
49998
5000
60151
5000
67005
5001
34008
10670
16984
5002
10143
79528
36521
5000
5000
10248
5001
64797
5001
72888
5000
5000
5000
5000
91300
58885
5000
5000
47618
36105
5000
80979
22790
77998
91933
5000
5000
29170
70433
84131
78981
5001
5001
103056
5776
13903
47869
5000
10167
5000
65671
21286
14612
5002
5000
60042
61908
5000
15578
83833
40754
5002
5002
5001
5000
5002
5129
61458
85273
7812
5000
5000
103441
6598
83758
78487
5000
69268
64860
5000
65047
68659
86251
71401
5001
5001
5000
5002
5000
5000
94731
5002
5000
5000
89831
5002
67517
5000
5000
5000
80255
5000
99629
55971
77127
27295
64911
5000
18823
19694
56214
54752
13463
5001
98514
5000
5000
7087
5000
5000
28651
97061
36578
5000
99069
5000
16253
100729
96908
5000
5002
29217
5000
74776
5000
5000
5000
86017
5002
46242
5001
46518
32143
74044
42539
5001
5079
22887
5000
103933
40358
47511
5000
5000
26390
19332
35677
22148
5000
8174
5001
55326
5001
5000
24773
25571
5000
5000
5000
28984
62356
5000
5000
5000
5000
5000
27786
68785
5000
40696
5000
20768
5000
5000
26009
27454
5000
18136
5000
5002
91935
5001
39329
5000
9488
42281
5002
85338
5000
5000
35189
5000
5000
5000
43727
55349
70465
61485
5000
5000
82959
57782
61630
15273
99359
98426
5000
5002
38309
64786
67553
20647
58268
85753
61983
72575
38161
75391
5000
103006
40943
92684
5001
95048
5000
5000
13291
90741
73796
10760
61127
73073
5000
5000
5000
5002
5000
7397
9754
51256
5000
5000
36568
59859
5001
5000
5001
96213
5000
57804
104599
28664
29522
5000
27132
26445
5002
100638
30508
38552
63962
5002
5001
69804
5000
5000
5000
5000
30365
5000
5001
24716
92388
82864
5000
5001
5002
5000
72877
55521
5000
87232
25246
52569
21117
5000
40512
95900
5000
5000
32625
98817
5000
5002
24837
48654
5000
6299
5000
99155
5000
54999
5000
5002
5000
10226
5000
5000
53486
100065
5000
5726
5000
10223
45334
35257
24472
5002
72199
37237
14816
61743
13866
5000
5002
5002
68127
15050
43067
5001
5000
74767
5002
18580
61406
60611
16274
5000
15981
59111
5000
50104
5000
5000
5000
88963
5000
89221
94716
7873
5000
5000
86123
23388
78651
33837
51860
92021
18015
5000
40249
5000
14159
31316
5000
19027
91234
5001
5002
34627
22632
5002
5230
31656
9631
5000
95909
5001
84376
89588
5000
78567
11651
44186
70395
5000
47309
98394
55743
5000
26249
53625
5002
12639
20398
92931
17072
5000
5002
5000
5000
5002
42898
5000
19655
58876
5000
5001
