389 395
4 342
85 337
110 237
73 182
45 278
80 252
137 447
39 97
66 307
111 143
156 457
118 453
176 188
242 357
287 366
98 232
100 295
36 180
97 275
39 243
225 415
138 239
71 382
259 311
153 239
68 444
217 307
30 310
55 198
138 326
47 80
13 44
247 355
161 197
227 457
311 390
4 412
77 293
340 347
140 216
59 99
53 333
208 431
234 362
149 397
277 371
377 436
54 205
194 443
14 364
17 328
49 435
181 256
115 378
15 340
56 348
176 359
284 387
145 168
224 457
104 144
71 203
192 390
87 396
86 285
168 243
149 308
197 402
128 246
77 133
268 287
124 136
24 329
442 451
64 317
48 185
188 381
229 366
166 474
41 360
34 334
179 360
156 184
198 252
100 433
87 339
5 100
87 305
285 443
246 311
24 101
36 51
55 102
16 126
1 26
28 197
82 380
222 292
342 444
62 330
194 201
334 378
170 453
29 96
8 146
180 199
156 386
18 123
67 422
238 451
182 297
100 114
377 420
21 180
32 330
35 308
100 286
184 294
277 347
25 290
120 233
206 394
66 112
8 369
259 311
147 199
115 391
123 171
41 460
204 263
159 164
15 154
92 327
49 188
58 260
145 155
87 180
161 226
206 439
150 364
127 162
322 438
213 366
64 235
378 384
201 327
11 163
5 15
8 323
40 443
57 471
117 145
247 374
11 349
92 385
29 403
219 434
76 152
164 186
205 252
34 163
340 468
76 194
265 404
28 232
175 341
46 183
218 361
29 366
57 375
153 325
96 165
204 209
14 218
80 236
230 233
350 443
178 361
116 242
155 279
207 218
23 247
48 260
118 463
408 474
35 391
65 113
210 458
184 213
397 434
74 343
286 360
193 406
272 311
6 329
204 294
96 410
146 320
104 370
51 194
219 257
179 342
184 357
3 267
244 269
185 316
22 236
78 403
229 319
23 267
96 404
65 134
208 382
29 73
81 161
133 247
112 317
73 429
18 371
56 98
23 99
133 318
101 165
71 399
13 304
5 192
251 330
331 470
113 250
37 301
98 299
23 213
143 258
66 379
282 405
233 358
118 222
142 208
107 162
297 350
43 307
273 311
329 386
170 235
137 281
133 264
229 254
83 240
263 434
50 89
409 446
132 212
174 222
54 126
327 419
102 372
88 389
154 383
254 415
202 342
151 161
266 383
265 297
67 298
64 169
63 321
217 400
26 426
270 367
264 269
106 415
53 402
121 244
153 202
84 233
177 357
96 215
293 427
5 362
111 457
70 304
132 314
52 340
71 207
247 256
145 309
102 384
84 134
175 216
32 61
75 375
141 162
114 231
24 209
151 243
11 79
323 438
164 331
131 243
388 406
52 367
241 354
54 64
135 391
79 353
242 271
60 331
39 185
312 425
129 272
129 196
337 354
79 203
70 177
166 279
110 219
311 341
245 444
96 233
382 423
426 441
136 461
130 220
118 257
129 255
23 32
286 359
28 184
199 329
125 421
51 437
22 269
12 134
246 303
45 187
258 412
121 260
99 197
39 103
89 166
31 374
309 402
307 419
18 403
53 235
50 93
103 136
167 398
100 153
75 330
131 356
304 354
45 258
64 168
18 216
274 399
157 414
20 262
12 322
7 397
189 385
310 396
193 338
10 366
235 404
450 485
8 482
234 304
22 53
176 233
17 219
74 446
204 306
12 16
112 232
76 133
54 312
313 478
43 260
95 328
105 399
248 278
64 71
248 407
232 460
109 239
325 357
258 338
243 317
234 283
3 304
74 303
180 344
265 347
41 347
151 247
310 379
101 427
131 244
201 259
25 316
66 162
331 395
238 382
51 188
183 324
254 468
196 371
404 441
308 366
171 205
122 216
95 139
166 366
52 284
122 181
297 351
157 214
118 185
229 265
320 390
199 205
77 217
178 432
109 220
11 281
51 199
133 279
188 398
136 164
121 431
175 285
325 362
169 447
25 459
106 431
104 245
51 444
188 414
3 394
155 159
175 197
103 325
153 212
51 249
126 171
5 92
177 279
85 93
9 88
153 341
178 299
192 228
42 137
49 411
379 449
20 234
116 456
266 449
165 368
22 85
102 177
263 270
167 340
221 255
58 348
106 234
208 376
194 345
117 462
232 267
27 108
23 452
147 381
3 386
176 198
50 334
86 165
148 423
358 386
6 227
281 396
90 308
153 450
297 341
15 304
111 129
243 358
65 149
122 433
347 437
13 119
101 326
461 467
181 226
34 356
19 179
220 372
214 276
21 407
87 132
83 92
76 169
268 326
67 256
62 327
335 412
90 190
74 85
58 199
103 199
4 16
19 222
93 284
182 306
117 203
113 372
47 454
221 271
116 171
72 190
5 158
52 387
7 277
31 427
15 247
59 286
39 440
204 227
67 173
179 384
307 473
364 405
44 239
186 320
204 262
20 30
39 384
31 96
34 243
252 358
128 156
81 164
269 281
222 264
16 41
262 448
294 329
352 403
95 109
187 340
29 215
119 472
98 143
32 439
280 452
92 289
304 362
71 318
84 400
76 327
128 294
220 380
27 39
12 247
118 380
65 291
263 354
319 368
204 372
95 395
136 321
127 304
175 445
218 294
68 105
416 436
140 434
131 246
59 355
362 405
85 293
402 444
33 166
224 287
38 257
225 415
115 208
104 384
152 260
309 400
296 431
130 373
86 375
136 327
276 303
115 214
193 232
79 255
76 85
53 302
390 396
365 483
23 293
38 459
170 392
213 279
39 230
34 154
69 412
23 435
26 208
282 357
253 339
171 375
166 271
4 246
277 420
156 285
211 325
166 239
18 205
209 264
15 47
365 399
2 267
176 250
2 309
390 439
25 307
166 409
324 441
196 301
83 265
74 176
61 432
165 433
1 262
152 277
299 355
243 412
77 355
98 331
317 370
224 454
222 247
229 318
225 455
343 383
65 259
271 316
331 382
355 393
68 197
185 351
132 173
134 412
44 110
186 206
100 440
141 144
136 167
83 97
141 498
6 153
102 465
124 421
9 21
244 386
169 243
130 227
26 56
171 227
123 228
308 402
75 129
136 280
354 417
36 345
31 279
2 338
100 239
138 221
122 190
34 306
55 360
266 427
58 365
49 256
54 124
16 96
131 336
144 261
190 349
103 238
4 301
112 346
74 415
328 356
318 360
102 180
71 323
72 110
268 316
77 191
296 343
172 315
271 292
114 401
240 356
47 366
53 294
44 340
25 310
91 137
64 319
349 432
314 318
101 362
1 192
150 289
145 275
226 410
33 76
122 308
250 306
13 228
236 397
156 377
98 281
221 304
260 424
167 227
25 227
373 440
133 189
175 354
172 206
112 425
93 374
151 242
197 333
172 308
120 431
84 181
10 80
36 350
315 421
274 294
378 391
270 293
135 440
15 379
22 272
265 312
30 198
133 143
202 477
125 269
37 409
260 437
46 326
161 359
91 434
76 378
101 465
77 111
307 435
149 347
41 353
30 90
10 346
76 98
22 127
21 195
206 452
35 132
161 316
114 316
346 378
123 133
87 132
145 349
143 337
155 412
44 244
277 407
82 237
392 416
125 432
111 313
94 177
121 346
50 457
436 441
33 85
272 394
71 320
28 47
293 299
239 357
433 454
29 445
113 449
116 391
150 160
76 212
302 406
51 159
427 453
112 193
9 219
262 281
34 405
293 306
66 385
286 457
139 304
93 432
150 479
58 412
6 263
43 196
43 296
106 373
72 368
239 280
32 116
195 351
23 69
6 230
224 409
278 367
22 311
183 362
214 300
15 368
177 405
78 262
64 91
251 438
33 378
48 164
186 273
57 342
315 446
70 338
95 97
331 337
292 369
261 320
252 290
163 388
137 158
313 366
132 215
80 469
54 311
362 454
50 128
254 261
207 216
62 414
344 396
179 386
149 246
51 206
40 113
412 419
325 354
357 359
163 272
214 238
126 208
301 415
143 327
286 392
337 444
51 265
196 344
229 340
78 115
243 278
211 244
189 325
212 419
261 333
164 286
56 415
146 308
420 463
402 433
47 152
102 280
20 264
42 242
140 236
154 276
135 309
38 384
212 278
9 216
13 95
115 386
52 442
43 132
35 239
96 147
15 274
170 217
250 280
94 162
8 253
22 319
26 238
123 379
68 87
16 435
200 370
235 378
400 404
139 173
64 387
165 348
63 91
138 487
292 493
231 278
126 272
410 424
65 156
9 179
264 312
146 217
98 188
116 248
270 359
114 192
148 382
141 327
216 345
306 343
241 319
7 326
4 436
80 157
281 292
114 122
24 395
382 399
230 261
263 340
22 362
15 312
38 99
72 326
349 417
32 110
104 204
259 394
147 412
171 318
37 287
170 400
70 172
12 273
283 364
350 393
77 372
43 334
187 402
158 251
117 298
44 298
336 400
251 340
264 344
348 406
219 427
182 269
124 243
125 166
286 476
29 432
295 405
255 427
231 278
179 245
88 244
341 414
389 436
173 222
88 328
156 197
253 288
395 439
382 405
277 295
37 211
